[debug] [2021-09-26T06:20:06.476Z] ----------------------------------------------------------------------
[debug] [2021-09-26T06:20:06.481Z] Command:       C:\Program Files\nodejs\node.exe C:\Users\User\AppData\Roaming\npm\node_modules\firebase-tools\lib\bin\firebase.js deploy --debug
[debug] [2021-09-26T06:20:06.481Z] CLI Version:   9.18.0
[debug] [2021-09-26T06:20:06.482Z] Platform:      win32
[debug] [2021-09-26T06:20:06.482Z] Node Version:  v14.15.1
[debug] [2021-09-26T06:20:06.484Z] Time:          Sun Sep 26 2021 09:20:06 GMT+0300 (Eastern European Summer Time)
[debug] [2021-09-26T06:20:06.484Z] ----------------------------------------------------------------------
[debug] 
[debug] [2021-09-26T06:20:06.592Z] > command requires scopes: ["email","openid","https://www.googleapis.com/auth/cloudplatformprojects.readonly","https://www.googleapis.com/auth/firebase","https://www.googleapis.com/auth/cloud-platform"]
[debug] [2021-09-26T06:20:06.594Z] > authorizing via signed-in user (moayyadkh2014@gmail.com)
[debug] [2021-09-26T06:20:06.595Z] [iam] checking project testing-ccead for permissions ["firebase.projects.get","firebasehosting.sites.update"]
[debug] [2021-09-26T06:20:06.600Z] > refreshing access token with scopes: ["email","https://www.googleapis.com/auth/cloud-platform","https://www.googleapis.com/auth/cloudplatformprojects.readonly","https://www.googleapis.com/auth/firebase","openid"]
[debug] [2021-09-26T06:20:06.602Z] >>> HTTP REQUEST POST https://www.googleapis.com/oauth2/v3/token  
 <request body omitted>
[debug] [2021-09-26T06:20:08.515Z] <<< HTTP RESPONSE 200 {"date":"Sun, 26 Sep 2021 06:20:08 GMT","cache-control":"no-cache, no-store, max-age=0, must-revalidate","pragma":"no-cache","expires":"Mon, 01 Jan 1990 00:00:00 GMT","content-type":"application/json; charset=utf-8","vary":"X-Origin, Referer, Origin,Accept-Encoding","server":"scaffolding on HTTPServer2","x-xss-protection":"0","x-frame-options":"SAMEORIGIN","x-content-type-options":"nosniff","alt-svc":"h3=\":443\"; ma=2592000,h3-29=\":443\"; ma=2592000,h3-T051=\":443\"; ma=2592000,h3-Q050=\":443\"; ma=2592000,h3-Q046=\":443\"; ma=2592000,h3-Q043=\":443\"; ma=2592000,quic=\":443\"; ma=2592000; v=\"46,43\"","accept-ranges":"none","transfer-encoding":"chunked"}
[debug] [2021-09-26T06:20:08.557Z] >>> HTTP REQUEST POST https://cloudresourcemanager.googleapis.com/v1/projects/testing-ccead:testIamPermissions  
 {"permissions":["firebase.projects.get","firebasehosting.sites.update"]}
[debug] [2021-09-26T06:20:12.880Z] <<< HTTP RESPONSE 200 {"content-type":"application/json; charset=UTF-8","vary":"X-Origin, Referer, Origin,Accept-Encoding","date":"Sun, 26 Sep 2021 06:20:13 GMT","server":"ESF","cache-control":"private","x-xss-protection":"0","x-frame-options":"SAMEORIGIN","x-content-type-options":"nosniff","server-timing":"gfet4t7; dur=600","alt-svc":"h3=\":443\"; ma=2592000,h3-29=\":443\"; ma=2592000,h3-T051=\":443\"; ma=2592000,h3-Q050=\":443\"; ma=2592000,h3-Q046=\":443\"; ma=2592000,h3-Q043=\":443\"; ma=2592000,quic=\":443\"; ma=2592000; v=\"46,43\"","accept-ranges":"none","transfer-encoding":"chunked"}
[debug] [2021-09-26T06:20:12.900Z] > refreshing access token with scopes: []
[debug] [2021-09-26T06:20:12.905Z] >>> HTTP REQUEST POST https://www.googleapis.com/oauth2/v3/token  
 <request body omitted>
[debug] [2021-09-26T06:20:13.269Z] <<< HTTP RESPONSE 200 {"cache-control":"no-cache, no-store, max-age=0, must-revalidate","date":"Sun, 26 Sep 2021 06:20:14 GMT","expires":"Mon, 01 Jan 1990 00:00:00 GMT","pragma":"no-cache","content-type":"application/json; charset=utf-8","vary":"X-Origin, Referer, Origin,Accept-Encoding","server":"scaffolding on HTTPServer2","x-xss-protection":"0","x-frame-options":"SAMEORIGIN","x-content-type-options":"nosniff","alt-svc":"h3=\":443\"; ma=2592000,h3-29=\":443\"; ma=2592000,h3-T051=\":443\"; ma=2592000,h3-Q050=\":443\"; ma=2592000,h3-Q046=\":443\"; ma=2592000,h3-Q043=\":443\"; ma=2592000,quic=\":443\"; ma=2592000; v=\"46,43\"","accept-ranges":"none","transfer-encoding":"chunked"}
[debug] [2021-09-26T06:20:13.393Z] >>> [apiv2][query] GET https://firebase.googleapis.com/v1beta1/projects/testing-ccead [none]
[debug] [2021-09-26T06:20:14.298Z] <<< [apiv2][status] GET https://firebase.googleapis.com/v1beta1/projects/testing-ccead 200
[debug] [2021-09-26T06:20:14.302Z] <<< [apiv2][body] GET https://firebase.googleapis.com/v1beta1/projects/testing-ccead {"projectId":"testing-ccead","projectNumber":"242354331437","displayName":"DubaiDigitalDesign","name":"projects/testing-ccead","resources":{"hostingSite":"testing-ccead","realtimeDatabaseInstance":"testing-ccead","storageBucket":"testing-ccead.appspot.com","locationId":"europe-west"},"state":"ACTIVE"}
[info] 
[info] === Deploying to 'testing-ccead'...
[info] 
[info] i  deploying hosting 
[debug] [2021-09-26T06:20:14.346Z] > refreshing access token with scopes: ["email","https://www.googleapis.com/auth/cloud-platform","https://www.googleapis.com/auth/cloudplatformprojects.readonly","https://www.googleapis.com/auth/firebase","openid"]
[debug] [2021-09-26T06:20:14.365Z] >>> HTTP REQUEST POST https://www.googleapis.com/oauth2/v3/token  
 <request body omitted>
[debug] [2021-09-26T06:20:14.760Z] <<< HTTP RESPONSE 200 {"pragma":"no-cache","expires":"Mon, 01 Jan 1990 00:00:00 GMT","date":"Sun, 26 Sep 2021 06:20:15 GMT","cache-control":"no-cache, no-store, max-age=0, must-revalidate","content-type":"application/json; charset=utf-8","vary":"X-Origin, Referer, Origin,Accept-Encoding","server":"scaffolding on HTTPServer2","x-xss-protection":"0","x-frame-options":"SAMEORIGIN","x-content-type-options":"nosniff","alt-svc":"h3=\":443\"; ma=2592000,h3-29=\":443\"; ma=2592000,h3-T051=\":443\"; ma=2592000,h3-Q050=\":443\"; ma=2592000,h3-Q046=\":443\"; ma=2592000,h3-Q043=\":443\"; ma=2592000,quic=\":443\"; ma=2592000; v=\"46,43\"","accept-ranges":"none","transfer-encoding":"chunked"}
[debug] [2021-09-26T06:20:14.926Z] >>> HTTP REQUEST POST https://firebasehosting.googleapis.com/v1beta1/sites/testing-ccead/versions  
 {"config":{"rewrites":[{"glob":"**","path":"/index.html"}]},"labels":{"deployment-tool":"cli-firebase"}}
[debug] [2021-09-26T06:20:16.651Z] <<< HTTP RESPONSE 200 {"content-type":"application/json; charset=UTF-8","vary":"X-Origin, Referer, Origin,Accept-Encoding","date":"Sun, 26 Sep 2021 06:20:17 GMT","server":"ESF","cache-control":"private","x-xss-protection":"0","x-frame-options":"SAMEORIGIN","x-content-type-options":"nosniff","alt-svc":"h3=\":443\"; ma=2592000,h3-29=\":443\"; ma=2592000,h3-T051=\":443\"; ma=2592000,h3-Q050=\":443\"; ma=2592000,h3-Q046=\":443\"; ma=2592000,h3-Q043=\":443\"; ma=2592000,quic=\":443\"; ma=2592000; v=\"46,43\"","accept-ranges":"none","transfer-encoding":"chunked"}
[info] i  hosting[testing-ccead]: beginning deploy... 
[info] i  hosting[testing-ccead]: found 123 files in public 
[debug] [2021-09-26T06:20:16.968Z] [hosting] hash cache [cHVibGlj] not populated
[debug] [2021-09-26T06:20:17.800Z] > refreshing access token with scopes: []
[debug] [2021-09-26T06:20:17.803Z] >>> HTTP REQUEST POST https://www.googleapis.com/oauth2/v3/token  
 <request body omitted>
[debug] [2021-09-26T06:20:17.822Z] [hosting] hash cache [cHVibGlj] stored for 123 files
[debug] [2021-09-26T06:20:17.831Z] [hosting][hash queue][FINAL] {"max":682,"min":45,"avg":206.08943089430898,"active":0,"complete":123,"success":123,"errored":0,"retried":0,"total":123,"elapsed":861}
[debug] [2021-09-26T06:20:18.477Z] <<< HTTP RESPONSE 200 {"cache-control":"no-cache, no-store, max-age=0, must-revalidate","expires":"Mon, 01 Jan 1990 00:00:00 GMT","date":"Sun, 26 Sep 2021 06:20:19 GMT","pragma":"no-cache","content-type":"application/json; charset=utf-8","vary":"X-Origin, Referer, Origin,Accept-Encoding","server":"scaffolding on HTTPServer2","x-xss-protection":"0","x-frame-options":"SAMEORIGIN","x-content-type-options":"nosniff","alt-svc":"h3=\":443\"; ma=2592000,h3-29=\":443\"; ma=2592000,h3-T051=\":443\"; ma=2592000,h3-Q050=\":443\"; ma=2592000,h3-Q046=\":443\"; ma=2592000,h3-Q043=\":443\"; ma=2592000,quic=\":443\"; ma=2592000; v=\"46,43\"","accept-ranges":"none","transfer-encoding":"chunked"}
[debug] [2021-09-26T06:20:18.627Z] >>> [apiv2][query] POST https://firebasehosting.googleapis.com/v1beta1/sites/testing-ccead/versions/55f26bf19e34b2db:populateFiles [none]
[debug] [2021-09-26T06:20:18.631Z] >>> [apiv2][body] POST https://firebasehosting.googleapis.com/v1beta1/sites/testing-ccead/versions/55f26bf19e34b2db:populateFiles {"files":{"/404.html":"3240c6b45513fdd97861a63c8ae3ef0e7d2bf1357ec632ad7e6839473710326c","/index.html":"81b9bcf1c9f2caffd9039eec9a41b1af0f79fef882dac86049fd6d3847f1521e","/images/films/romance/a-star-is-born/small.jpg":"c324304ad17205a7941f8a0c909e5f25cb6885a1cb38769c6ec826d9ea036064","/images/films/suspense/shutter-island/small.jpg":"264a99729282c9a8fa20f203f7c01c72e990571af2223b921e20126291457423","/images/films/thriller/joker/small.jpg":"deeb3c17622a84c4d5c40e003be0306586e7689dcef569b4ab1dc71483127cf1","/images/films/children/hotel-transylvania/small.jpg":"b1837e21efe02a50692b5e0b6bd962149b9fc93a406da823381048b77a3513be","/images/films/drama/the-prestige/small.jpg":"9942fb18c64ea4358ca5b78ba007197763782c9882b854c156b4452498863560","/images/films/suspense/prisoners/small.jpg":"1bdbf7078c36251d045f519f41357c9c6acbdbe0f72fe8c9ecd37a8bdae75180","/images/films/children/despicable-me/small.jpg":"e3df60ec549fec03005ef6b574d2aed523f926ccec937735c63025b6e01abb5c","/images/films/children/spirited-away/small.jpg":"e784c8f87ae594b037bc44d0a20be4a4a5061f797074be7c26c29f50689bd293","/images/films/drama/the-social-network/small.jpg":"c1ab284ad67f6e422b3168d0050549270da9df8dbb6539f1797bcd18ee9c4eef","/images/films/drama/kings-speech/small.jpg":"4e08c468becd6c00417fa0a706418a2c7e69a92fe5db70782716fcfd2b7197a6","/images/films/romance/the-notebook/small.jpg":"bb4bf32c910f1b307a8d171c4124cba0f3f3e9969ecfbb9577b6e98c39d9396c","/images/films/suspense/gone-girl/small.jpg":"59c3832b45163195a487119a0693b599da813cb8ef5610574270e61d936a63bc","/images/films/suspense/zodiac/small.jpg":"b7f20d7cabcc0d87d90ac88973a969c37b2a1cf78ad76ae8f8765f1a98464bd6","/images/films/thriller/black-swan/small.jpg":"909e779dbd063747624704d7626cf74014c96cc33827b69c6a4a3ae23758de1a","/images/films/romance/titanic/small.jpg":"4979d7f5d575910aaadb266d3ce28d8a20bb236f9917d487df4f8c89abc7edd8","/favicon.ico":"51d002a425eed0c265ceaf85ddc60375326a5cf09a562ef93afec79aa4530fce","/images/films/drama/fight-club/small.jpg":"6efe32042a422a9e2b08f3eb66e2f1fd1e3237781bce95fb8b2baf12cd58ce96","/images/films/children/up/small.jpg":"a6ea5e077078cea5b21e66c66e06ff8e3f573ec856d01f4b858a3be6137ea06d","/images/films/drama/the-revenant/small.jpg":"e94936d83abb56c309b04b84d89e40dda3c89da11ac85e753a3228b6f6b68e90","/images/films/suspense/seven/small.jpg":"c4dc1f57a1e25aa8a6091911cf48a58f8689b5230271afb22706f79c236118e0","/images/films/thriller/a-quiet-place/small.jpg":"3e7ce883404f94667903e64f356173a45b060132db6a000da80d9cb4f9277836","/images/icons/add.png":"6b5ddd608e7dcd300c599f1444138eeab8026b7eac5dcc71a87f4a0c77a3efea","/images/icons/chevron-right.png":"4eabaea61548b751bd5eec282950c2262551f7ba3fa8c604bf67f12dfff81c0a","/images/icons/close-slim.png":"2d03cd4fa413dda35620addfa182994c3c90a557181072307ebc997c187f9819","/images/films/children/frozen/small.jpg":"a77c121ba4486dde7be290dd44990e062118ee75168cff9ac9e34b532216370f","/images/icons/close.png":"e141b24bbef5b5009880180a2d1225e7c1a208373cbf7cc6a6ca5ed4284a307b","/images/films/romance/blue-valentine/small.jpg":"acefd0ee84978b6761829279b7c1fbeb51ae83c80e0527a6753642e7a515732b","/images/films/romance/la-la-land/small.jpg":"eff4cc32f7072c3a3ffb5b9580a7fed443f91fa449c05fbdc87c07e0e338b40e","/images/icons/search.png":"28f9b74c969aa190a1d85659602b637fa34fb945ede1d52b33e87ef261728a44","/images/films/thriller/the-silence-of-the-lambs/small.jpg":"9c97a9007c84832c4c563fa33377be2e9a7a5643067275b70b1c94ab02400491","/images/misc/logo 4.jpg":"3d8b25ee7fa315b62c1d9d5037ee9df6c89267ecc75fa56857b38a8671eadffa","/images/misc/spinner.png":"57bf889334342b4e764cb39af6f03938f4423a49dc3fa5cd00295adcd7fa4b98","/images/films/thriller/nightcrawler/small.jpg":"ea96fbe9998c5cb4708ea6454ba13b3da19f6a345532c985cfcf34362329a837","/images/films/thriller/nightcrawler/large.jpg":"67865ba9a0a466e5cc6641630fab1b7fbc2a9e488a4d31aaefcd05c36ec69d4e","/images/misc/loading.gif":"b187058e4cafa4d117f859c863f64818826c2005ef8fc40f7163fb6cf596224b","/images/series/children/peppa-pig/small.jpg":"8177d03d4c8a512b12bb967d77f6fbdbe28b2efe062bf386b249a00970189dc8","/images/series/children/dora-the-explorer/small.jpg":"e95c0bbd3f21b15c4d3cc578f89491cdf10c24e0839de880e0db1b3092cc560d","/images/series/children/paw-patrol/small.jpg":"caef1a1f25f6d762da7c40cc53f50c04e20f44777103f3823154e4740acd5200","/images/series/comedies/curb-your-enthusiasm/small.jpg":"252732daa44c1ec8577aff5a9395d9f4c024ea28b2328490dbc366a205951385","/images/films/thriller/black-swan/large.jpg":"6a4fac7fa4c41c48ff30bde551c4cc3c60f65ec996da89183c7b58e194a8ed05","/images/series/children/spongebob/small.jpg":"15e3d0713e2ba5c88bbced3a2437879ce33551ed3e3bbf2b1904ccfff4e012dc","/images/series/children/arthur/small.jpg":"ab777bc311c2a8213de956298f421a3842182072a91c9c28cec1072a3adc6473","/images/series/comedies/arrested-development/small.jpg":"1cd097d274fb14ea17ed74e4f769d11d032f7383d45637e7a5732c89049a7904","/images/series/comedies/the-office/small.jpg":"be686fe54c99d09df7642ec07cb22230f5bbf6f7e356cffe23a8a488106fafce","/images/misc/home-imac.jpg":"8d4d8f6b5f3f7bca63122363d2478c9f0f31ea3f41773b538c1ca753377d1c13","/images/series/comedies/family-guy/small.jpg":"5a41b542b5ce33483781839be863ce084828221fdcb4d269c97f8918da63648a","/images/films/romance/the-notebook/large.jpg":"103fcc26e05cf4f58a1d5509ca937a19df5df416c5500400407a9ba6eea71f17","/images/series/comedies/south-park/small.jpg":"35ac122dd96909c0863ec339d6bf9f8beb405ec6cd6353ed37c7d37171798411","/images/series/children/peppa-pig/large.jpg":"0c4042eddad2850246c7da641260c83c71425383cd3da5a0eea5ff9aa619a617","/images/series/crime/long-shot/small.jpg":"60f78f3c1881c3586b189f9960a4c770ddb008ec207f8996e6f605ba5530dbc4","/images/films/children/spirited-away/large.jpg":"8b664108e951d3241253b0d4fa50e085884ef187e28a873fdffe3a70f34a9574","/images/films/drama/the-social-network/large.jpg":"df82f85523e2cb9eb55a40db28a345b98d40bdd7a0385703a9fdc0e5330ae170","/images/films/drama/the-prestige/large.jpg":"bbff70c4eba1992fa41b45fe76e7394be742f4106aa15e1060f7d9a7dadab01f","/images/films/children/despicable-me/large.jpg":"5e1570e6e51d83bf84795d377f1b4b7f9f8909f55e5ee0c11775d17de4384921","/images/films/drama/the-revenant/large.jpg":"3e57145c41297d8bc508792bd97c12b92ec1146c8b1ac2a9ce593d1019963012","/images/series/crime/making-a-murderer/small.jpg":"14a23878576945fb0d976ca04827c675f4a675f59e1eac6001ca3089e7f03517","/images/films/suspense/zodiac/large.jpg":"eb4e512c4e8b742f1a75e53cf9a5b232f1adac003d98c622736fe08783163d24","/images/series/crime/the-confession-killer/small.jpg":"4656f30668007088e84b3af355f31a340d06bb3d9e552821ef2014b6fb4e0bb1","/images/series/crime/the-innocent-man/small.jpg":"aec9790456d85d44c0172ccf1bb24fafc5b5a3345e20a06b348da259206ab3f5","/images/series/crime/the-staircase/small.jpg":"ccd00dd484ac34628c57aac06732039bc6e294510ca275cf556397806e114640","/images/series/documentaries/amanda-knox/small.jpg":"48b168d729cfac65916e26618aad8c120fec6084bb9a103d6e45e1efbbd94788","/images/films/suspense/shutter-island/large.jpg":"4bbdb3901478c0c56cbc970247656c76c5ad894f27768cf6878bdb2fabedd7fc","/images/films/romance/a-star-is-born/large.jpg":"69d5ff73f17acceb7a460b537b746ec9be7b357693c152ef465b081c9ebf866b","/images/films/children/hotel-transylvania/large.jpg":"e65c641eb6fce5689e656099e20862caa6bdc3c589eb7091dc3dc372a0b53cd5","/images/series/documentaries/citizenfour/small.jpg":"0606c289814123d01f1828bda4eb801eb1f7c61f19e7e39fe33b6a39852c00d5","/images/films/romance/la-la-land/large.jpg":"a270a5e1466dc8e11f08b06fc0af992613205ac489c963b1103cdd44a75c12b6","/images/films/drama/fight-club/large.jpg":"b7cf6a31864240add677f8bb2286bdd090f5a80a498b2b5cbc4867ab3c7f8b30","/images/series/children/dora-the-explorer/large.jpg":"6972233a665834a0d6d5e27c75544317d92322c01de776aa4890714d2a00efbd","/images/films/romance/blue-valentine/large.jpg":"2fe6d8809e9d329aea33475c4ae831b4b9517bcf1a1011242c5626f52bc3a68a","/images/series/documentaries/man-on-wire/small.jpg":"8d8d1de68d14de33ab66fb9d8c1467d3b9dfdd21f04331963596d440ce9e4b98","/images/series/documentaries/tiger-king/small.jpg":"fb9c21bfb0c2c88e819bc953130d87928966469d2a36c487bbb274a72b7aa951","/images/films/drama/kings-speech/large.jpg":"5b3a97fafda0d654e498a7f7d0ed86a4d3cc35c39cb813ddd3e4cc61671355f3","/images/films/suspense/seven/large.jpg":"a47a1217b5021fef5cc2bbf1a794f5113c189685abe30ffb95235beb09e9b4b7","/images/series/feel-good/forrest-gump/small.jpg":"0f336fd91f04a19889c1913f648623c7114418464901e8ca40273f52a3c66db3","/images/films/suspense/prisoners/large.jpg":"aa8c7a8b581f64f7ec02c59ac3af9747be0b49b534e3fe82f5701e6c35776b24","/images/series/feel-good/good-will-hunting/small.jpg":"b611220c2a8e69b279d55cf5653f2aa3681d02e72ddab62731bd282a8da90ce1","/images/films/children/up/large.jpg":"ac1af524ab585915a8dfa47b96fe907709fb147e835510aab7debb4179d6671c","/images/films/romance/titanic/large.jpg":"712b2db3cb5bffb09eaeb018999c0a14af4c91f46675065a054c0c732719546e","/images/series/documentaries/super-size-me/small.jpg":"b0052a3455a3fb8adc5f446963c5d43fb8ad849f6dcf7f798529ace04034fe98","/images/series/children/arthur/large.jpg":"24ea117e8246a99205df91181212b105234ca4070950d7e592e951558efa1f5a","/images/users/1.png":"d1a08e30cd951076abf0085a711367e5f4884f92f68f7935abbd4cd637fff0ef","/images/users/2.png":"bd8f7d9d71d953e8ca570564a50672e216d3b0e0ece0fc3101564526e43aa430","/images/series/feel-good/midnight-in-paris/small.jpg":"dd1fbfd1927cced580f4f34451d001b2f9865a9f88d5f9686cfa59a6007a003c","/images/users/4.png":"e43561526cfd8101eed6d771a8ca3f053c31759ed5a844693670297a096cb342","/images/series/documentaries/citizenfour/large.jpg":"8bfb1d2dec638550ea95e5fb717e781db08bdcbaf502812f57e6d9f948cbbd0c","/images/users/5.png":"f335417ff95fc011025df400ee259acee0ee1dd2d0fdb88a8c40700c714c7fb6","/images/films/thriller/a-quiet-place/large.jpg":"6a02305ffe54aa33c7871a7d1e5f810775f68994e4e374ba57feb93483919a99","/images/users/3.png":"ff357e4a300c675399e148c6eedf70ed1e2620b7b5637135ae297b8c46d25148","/images/films/thriller/the-silence-of-the-lambs/large.jpg":"1fa355956ad316dd88caa1289f4ef05880c6fbf80368a4fb235b2335e13f1fdd","/images/films/thriller/joker/large.jpg":"59c625ff300eebf6bf3e564c0556f09f5e17a3651d079cd3e4534bf2c01a8415","/images/series/feel-good/school-of-rock/small.jpg":"ee16568f6a3262aa4dec7ae480ad3e158dd4266bb511bebf2705c8c52b98ca4e","/images/films/suspense/gone-girl/large.jpg":"4cc107db09622645947a7d4181fda4c3f483d2a0faf0332d0970bc46dddae5d9","/images/misc/HalaBot3D.jpg":"7ee7672430573f4ba1529e30ab39b0fefea3df9539c2a8e21e193b8a1d2ec5b2","/images/series/children/spongebob/large.jpg":"e34ba52bc60d044a39c56c34ab4f3ae34c42e4b3f92029cb82ff045dfc38596a","/images/series/crime/long-shot/large.jpg":"47fa4cb4bff07f719f8bb9f17d9d918a37a31aeac264433d4d7f4b8763aa90d1","/images/series/crime/the-staircase/large.jpg":"ab35159d15e92143962072e13322ceb7cf02857c2a6f4a11da35ce839ab380b0","/images/series/children/paw-patrol/large.jpg":"a8cfb4af92fcf27aaabaff6252c13bcd8ebddfa591fbd6572651e140c2a311a6","/images/series/feel-good/juno/small.jpg":"f020e03bf821e3fc1ece6060c0b8b165b81aa781462cc0985827c569abc5117a","/images/films/children/frozen/large.jpg":"643125b63655b0ecb7f1468d4230fccbac0a1e3f537e0ca303e35cf155572afa","/images/series/comedies/family-guy/large.jpg":"21359b2957032144ce805d653a5d041b7711746df929ed5293fe709cd013516a","/images/series/comedies/curb-your-enthusiasm/large.jpg":"792299b577010baf481db0744482b6c7353fadde89688e15ad0e4b917f7eaa4d","/images/series/crime/the-innocent-man/large.jpg":"02bc7ab50dce4ac062ff3d95fd92b45c490bc48fcfbe3728228fae5293418cd9","/images/series/crime/making-a-murderer/large.jpg":"188926f5995750ad0f1c727c36fa48fde0f5065bcd663841ae9205545e6fa6d0","/images/series/documentaries/man-on-wire/large.jpg":"e9bfb7ad37d3ce6838107ef526b293e71944aa12dfb7d51154ac3c5df0de0bfd","/images/series/crime/the-confession-killer/large.jpg":"aaa6b04323f4da96678d5b745940854dc39d31f9c053af6893757c101acf39d8","/images/series/comedies/the-office/large.jpg":"d81a5670355968c0d8d0bb4bdc15c47904aadeb94e019ae7edc394686f53a69d","/images/series/documentaries/amanda-knox/large.jpg":"6586e0bd0e0a3ebdd1e1d069ef6c305eaa1bec1e5a0dc44a5e490c5694263397","/images/misc/home.jpg":"65d1fdb8e071f8b75a215ec9081a29cda86ba39cf968a1a867a62308c855ec0d","/images/series/documentaries/super-size-me/large.jpg":"6143984b55faa6c2fddf8518ca71168a90d20ea0454200883377ce3b70ae187e","/images/series/feel-good/forrest-gump/large.jpg":"bb1532a1c6c42f7a47b17a4d58b18b990a8c6280b16e7903cdc720c269acc630","/images/series/comedies/arrested-development/large.jpg":"706d033cb7cce55eacbb3acb41a06bc9d0acfa752063221473b44329c26ba471","/images/series/feel-good/midnight-in-paris/large.jpg":"f2b255c910363b88b64c740e7858460799e32de8d5b127b6a03422ab43288b25","/images/series/feel-good/school-of-rock/large.jpg":"5355c3e8943bd5bb41936b1ae5003750a75eaf03e55252c0f8917c0889ffde5d","/images/series/feel-good/juno/large.jpg":"f4b0a42ce56e0d35ea3a18d15534cb6cab3db0c45a81581721b7b78f70439baf","/images/series/comedies/south-park/large.jpg":"fb63a1f8e2cda6c83a30a796edf4ea78ea1d3f746d5938dbc4e5a200a7c2996e","/images/series/feel-good/good-will-hunting/large.jpg":"7dbe3af90c8c73ab486647a06f4dc736ff01714e6dbb2c76fdccf1fee0576632","/images/series/documentaries/tiger-king/large.jpg":"e7f8495730ff32ce7ea952ac1c1dae4c520ce03e2d1b33fbf0d7825d334fcbe7","/images/misc/joker1.jpg":"f4192dd64dd4fa69eb47dd2afa3dfb6da5132ff6ea9dc9ea9c699f004361729f","/images/misc/home-bg.jpg":"07dccbfe33d6864e5d7c4bea7061654f7985cdcb556c9cdd94f9414799b08605","/videos/bunny.mp4":"c5fa9ff807db558472d90f5a096dd3dbc477575bb0e14c440c55c9d1813cdb39","/images/misc/home-tv.jpg":"e7e40f4c50942e5d97edf0a74775a2d48dddedadc31bc10d183a86b883e6ee10"}}
[info] i  hosting: adding files to version [0/123] (0%) 
[debug] [2021-09-26T06:20:20.879Z] <<< [apiv2][status] POST https://firebasehosting.googleapis.com/v1beta1/sites/testing-ccead/versions/55f26bf19e34b2db:populateFiles 200
[debug] [2021-09-26T06:20:20.882Z] <<< [apiv2][body] POST https://firebasehosting.googleapis.com/v1beta1/sites/testing-ccead/versions/55f26bf19e34b2db:populateFiles {"uploadUrl":"https://upload-firebasehosting.googleapis.com/upload/sites/testing-ccead/versions/55f26bf19e34b2db/files"}
[debug] [2021-09-26T06:20:20.888Z] [hosting][populate queue][FINAL] {"max":3089,"min":3089,"avg":3089,"active":0,"complete":1,"success":1,"errored":0,"retried":0,"total":1,"elapsed":3089}
[debug] [2021-09-26T06:20:20.892Z] [hosting] uploads queued: 0
[debug] [2021-09-26T06:20:20.895Z] [hosting][upload queue][FINAL] {"max":0,"min":9999999999,"avg":0,"active":0,"complete":0,"success":0,"errored":0,"retried":0,"total":0,"elapsed":1632637220895}
[info] +  hosting[testing-ccead]: file upload complete 
[debug] [2021-09-26T06:20:20.904Z] [hosting] deploy completed after 4237ms
[debug] [2021-09-26T06:20:20.928Z] [
  {
    "config": {
      "public": "public",
      "ignore": [
        "firebase.json",
        "**/.*",
        "**/node_modules/**"
      ],
      "rewrites": [
        {
          "source": "**",
          "destination": "/index.html"
        }
      ],
      "site": "testing-ccead"
    },
    "site": "testing-ccead",
    "version": "sites/testing-ccead/versions/55f26bf19e34b2db"
  }
]
[info] i  hosting[testing-ccead]: finalizing version... 
[debug] [2021-09-26T06:20:20.955Z] > refreshing access token with scopes: ["email","https://www.googleapis.com/auth/cloud-platform","https://www.googleapis.com/auth/cloudplatformprojects.readonly","https://www.googleapis.com/auth/firebase","openid"]
[debug] [2021-09-26T06:20:20.960Z] >>> HTTP REQUEST POST https://www.googleapis.com/oauth2/v3/token  
 <request body omitted>
[debug] [2021-09-26T06:20:21.650Z] <<< HTTP RESPONSE 200 {"date":"Sun, 26 Sep 2021 06:20:22 GMT","cache-control":"no-cache, no-store, max-age=0, must-revalidate","expires":"Mon, 01 Jan 1990 00:00:00 GMT","pragma":"no-cache","content-type":"application/json; charset=utf-8","vary":"X-Origin, Referer, Origin,Accept-Encoding","server":"scaffolding on HTTPServer2","x-xss-protection":"0","x-frame-options":"SAMEORIGIN","x-content-type-options":"nosniff","alt-svc":"h3=\":443\"; ma=2592000,h3-29=\":443\"; ma=2592000,h3-T051=\":443\"; ma=2592000,h3-Q050=\":443\"; ma=2592000,h3-Q046=\":443\"; ma=2592000,h3-Q043=\":443\"; ma=2592000,quic=\":443\"; ma=2592000; v=\"46,43\"","accept-ranges":"none","transfer-encoding":"chunked"}
[debug] [2021-09-26T06:20:21.901Z] >>> HTTP REQUEST PATCH https://firebasehosting.googleapis.com/v1beta1/sites/testing-ccead/versions/55f26bf19e34b2db?updateMask=status  
 {"status":"FINALIZED"}
[debug] [2021-09-26T06:20:23.106Z] <<< HTTP RESPONSE 200 {"content-type":"application/json; charset=UTF-8","vary":"X-Origin, Referer, Origin,Accept-Encoding","date":"Sun, 26 Sep 2021 06:20:23 GMT","server":"ESF","cache-control":"private","x-xss-protection":"0","x-frame-options":"SAMEORIGIN","x-content-type-options":"nosniff","alt-svc":"h3=\":443\"; ma=2592000,h3-29=\":443\"; ma=2592000,h3-T051=\":443\"; ma=2592000,h3-Q050=\":443\"; ma=2592000,h3-Q046=\":443\"; ma=2592000,h3-Q043=\":443\"; ma=2592000,quic=\":443\"; ma=2592000; v=\"46,43\"","accept-ranges":"none","transfer-encoding":"chunked"}
[debug] [2021-09-26T06:20:23.114Z] [hosting] finalized version for testing-ccead: {"name":"sites/testing-ccead/versions/55f26bf19e34b2db","status":"FINALIZED","config":{"rewrites":[{"glob":"**","path":"/index.html"}]},"labels":{"deployment-tool":"cli-firebase"},"createTime":"2021-09-26T06:20:16.900022Z","createUser":{"email":"moayyadkh2014@gmail.com"},"finalizeTime":"2021-09-26T06:20:23.887220Z","finalizeUser":{"email":"moayyadkh2014@gmail.com"}}
[info] +  hosting[testing-ccead]: version finalized 
[info] i  hosting[testing-ccead]: releasing new version... 
[debug] [2021-09-26T06:20:23.137Z] >>> HTTP REQUEST POST https://firebasehosting.googleapis.com/v1beta1/sites/testing-ccead/releases?version_name=sites/testing-ccead/versions/55f26bf19e34b2db  
 {"message":null}
[debug] [2021-09-26T06:20:24.297Z] <<< HTTP RESPONSE 200 {"content-type":"application/json; charset=UTF-8","vary":"X-Origin, Referer, Origin,Accept-Encoding","date":"Sun, 26 Sep 2021 06:20:25 GMT","server":"ESF","cache-control":"private","x-xss-protection":"0","x-frame-options":"SAMEORIGIN","x-content-type-options":"nosniff","alt-svc":"h3=\":443\"; ma=2592000,h3-29=\":443\"; ma=2592000,h3-T051=\":443\"; ma=2592000,h3-Q050=\":443\"; ma=2592000,h3-Q046=\":443\"; ma=2592000,h3-Q043=\":443\"; ma=2592000,quic=\":443\"; ma=2592000; v=\"46,43\"","accept-ranges":"none","transfer-encoding":"chunked"}
[debug] [2021-09-26T06:20:24.304Z] [hosting] release: {"name":"sites/testing-ccead/releases/1632637224355589","version":{"name":"sites/testing-ccead/versions/55f26bf19e34b2db","status":"FINALIZED","config":{"rewrites":[{"glob":"**","path":"/index.html"}]},"labels":{"deployment-tool":"cli-firebase"},"createTime":"2021-09-26T06:20:16.900022Z","createUser":{"email":"moayyadkh2014@gmail.com"},"finalizeTime":"2021-09-26T06:20:23.887220Z","finalizeUser":{"email":"moayyadkh2014@gmail.com"}},"type":"DEPLOY","releaseTime":"2021-09-26T06:20:24.355589587Z","releaseUser":{"email":"moayyadkh2014@gmail.com"}}
[info] +  hosting[testing-ccead]: release complete 
[info] 
[info] +  Deploy complete! 
[info] 
[info] Project Console: https://console.firebase.google.com/project/testing-ccead/overview
[info] Hosting URL: https://testing-ccead.web.app
